This is pdfTeX, Version 3.141592653-2.6-1.40.28 (TeX Live 2025) (preloaded format=pdflatex 2025.12.7)  12 JAN 2026 08:24
entering extended mode
 restricted \write18 enabled.
 file:line:error style messages enabled.
 %&-line parsing enabled.
**/Users/eliasalerno/Github/V5-2_project/project.tex
(/Users/eliasalerno/Github/V5-2_project/project.tex
LaTeX2e <2025-11-01>
L3 programming layer <2025-11-14>
(/Users/eliasalerno/Library/TinyTeX/texmf-dist/tex/latex/base/article.cls
Document Class: article 2025/01/22 v1.4n Standard LaTeX document class
(/Users/eliasalerno/Library/TinyTeX/texmf-dist/tex/latex/base/size10.clo
File: size10.clo 2025/01/22 v1.4n Standard LaTeX file (size option)
)
\c@part=\count275
\c@section=\count276
\c@subsection=\count277
\c@subsubsection=\count278
\c@paragraph=\count279
\c@subparagraph=\count280
\c@figure=\count281
\c@table=\count282
\abovecaptionskip=\skip49
\belowcaptionskip=\skip50
\bibindent=\dimen148
) (/Users/eliasalerno/Library/TinyTeX/texmf-dist/tex/generic/babel/babel.sty
Package: babel 2025/11/23 v25.16 The multilingual framework for LuaLaTeX, pdfLaTeX and XeLaTeX
\babel@savecnt=\count283
LaTeX Encoding Info:    Redeclaring text command \ij (encoding OT1) on input line 2050.
LaTeX Encoding Info:    Redeclaring text command \IJ (encoding OT1) on input line 2052.
LaTeX Encoding Info:    Redeclaring text command \ij (encoding T1) on input line 2054.
LaTeX Encoding Info:    Redeclaring text command \IJ (encoding T1) on input line 2055.
LaTeX Encoding Info:    Ignoring declaration for text command \ij (encoding ?) on input line 2056.
LaTeX Encoding Info:    Ignoring declaration for text command \IJ (encoding ?) on input line 2058.
LaTeX Encoding Info:    Ignoring declaration for text command \SS (encoding ?) on input line 2083.
\U@D=\dimen149
\l@unhyphenated=\language3
 (/Users/eliasalerno/Library/TinyTeX/texmf-dist/tex/generic/babel/txtbabel.def)
\bbl@readstream=\read2
\bbl@dirlevel=\count284
 (/Users/eliasalerno/Library/TinyTeX/texmf-dist/tex/generic/babel/locale/en/babel-english.tex)
Package babel Info: Importing font and identification data for english
(babel)             from babel-en.ini. Reported on input line 4298.
 (/Users/eliasalerno/Library/TinyTeX/texmf-dist/tex/generic/babel/errbabel.def)

/Users/eliasalerno/Library/TinyTeX/texmf-dist/tex/generic/babel/babel.sty:4298: Package babel Error: Unknown option 'english'.
(babel)                Suggested actions:
(babel)                * Make sure you haven’t misspelled it
(babel)                * Check in the babel manual that it's supported
(babel)                * If supported and it's a language, you may
(babel)                  need in some distributions a separate
(babel)                  installation
(babel)                * If installed, check there isn’t an old
(babel)                  version of the required files in your system.

See the babel package documentation for explanation.
Type  H <return>  for immediate help.
 ...                                              
                                                  
l.4298 \bbl@tempb
                 
Valid options are, among others: shorthands=, KeepShorthandsActive,
activeacute, activegrave, noconfigs, safe=, main=, math=
headfoot=, strings=, config=, hyphenmap=, or a language name.

) (/Users/eliasalerno/Library/TinyTeX/texmf-dist/tex/latex/geometry/geometry.sty
Package: geometry 2020/01/02 v5.9 Page Geometry
 (/Users/eliasalerno/Library/TinyTeX/texmf-dist/tex/latex/graphics/keyval.sty
Package: keyval 2022/05/29 v1.15 key=value parser (DPC)
\KV@toks@=\toks17
) (/Users/eliasalerno/Library/TinyTeX/texmf-dist/tex/generic/iftex/ifvtex.sty
Package: ifvtex 2019/10/25 v1.7 ifvtex legacy package. Use iftex instead.
 (/Users/eliasalerno/Library/TinyTeX/texmf-dist/tex/generic/iftex/iftex.sty
Package: iftex 2024/12/12 v1.0g TeX engine tests
))
\Gm@cnth=\count285
\Gm@cntv=\count286
\c@Gm@tempcnt=\count287
\Gm@bindingoffset=\dimen150
\Gm@wd@mp=\dimen151
\Gm@odd@mp=\dimen152
\Gm@even@mp=\dimen153
\Gm@layoutwidth=\dimen154
\Gm@layoutheight=\dimen155
\Gm@layouthoffset=\dimen156
\Gm@layoutvoffset=\dimen157
\Gm@dimlist=\toks18
) (/Users/eliasalerno/Library/TinyTeX/texmf-dist/tex/latex/amsmath/amsmath.sty
Package: amsmath 2025/07/09 v2.17z AMS math features
\@mathmargin=\skip51

For additional information on amsmath, use the `?' option.
(/Users/eliasalerno/Library/TinyTeX/texmf-dist/tex/latex/amsmath/amstext.sty
Package: amstext 2024/11/17 v2.01 AMS text
 (/Users/eliasalerno/Library/TinyTeX/texmf-dist/tex/latex/amsmath/amsgen.sty
File: amsgen.sty 1999/11/30 v2.0 generic functions
\@emptytoks=\toks19
\ex@=\dimen158
)) (/Users/eliasalerno/Library/TinyTeX/texmf-dist/tex/latex/amsmath/amsbsy.sty
Package: amsbsy 1999/11/29 v1.2d Bold Symbols
\pmbraise@=\dimen159
) (/Users/eliasalerno/Library/TinyTeX/texmf-dist/tex/latex/amsmath/amsopn.sty
Package: amsopn 2022/04/08 v2.04 operator names
)
\inf@bad=\count288
LaTeX Info: Redefining \frac on input line 233.
\uproot@=\count289
\leftroot@=\count290
LaTeX Info: Redefining \overline on input line 398.
LaTeX Info: Redefining \colon on input line 409.
\classnum@=\count291
\DOTSCASE@=\count292
LaTeX Info: Redefining \ldots on input line 495.
LaTeX Info: Redefining \dots on input line 498.
LaTeX Info: Redefining \cdots on input line 619.
\Mathstrutbox@=\box53
\strutbox@=\box54
LaTeX Info: Redefining \big on input line 721.
LaTeX Info: Redefining \Big on input line 722.
LaTeX Info: Redefining \bigg on input line 723.
LaTeX Info: Redefining \Bigg on input line 724.
\big@size=\dimen160
LaTeX Font Info:    Redeclaring font encoding OML on input line 742.
LaTeX Font Info:    Redeclaring font encoding OMS on input line 743.
\macc@depth=\count293
LaTeX Info: Redefining \bmod on input line 904.
LaTeX Info: Redefining \pmod on input line 909.
LaTeX Info: Redefining \smash on input line 939.
LaTeX Info: Redefining \relbar on input line 969.
LaTeX Info: Redefining \Relbar on input line 970.
\c@MaxMatrixCols=\count294
\dotsspace@=\muskip17
\c@parentequation=\count295
\dspbrk@lvl=\count296
\tag@help=\toks20
\row@=\count297
\column@=\count298
\maxfields@=\count299
\andhelp@=\toks21
\eqnshift@=\dimen161
\alignsep@=\dimen162
\tagshift@=\dimen163
\tagwidth@=\dimen164
\totwidth@=\dimen165
\lineht@=\dimen166
\@envbody=\toks22
\multlinegap=\skip52
\multlinetaggap=\skip53
\mathdisplay@stack=\toks23
LaTeX Info: Redefining \[ on input line 2950.
LaTeX Info: Redefining \] on input line 2951.
) (/Users/eliasalerno/Library/TinyTeX/texmf-dist/tex/latex/amsfonts/amssymb.sty
Package: amssymb 2013/01/14 v3.01 AMS font symbols
 (/Users/eliasalerno/Library/TinyTeX/texmf-dist/tex/latex/amsfonts/amsfonts.sty
Package: amsfonts 2013/01/14 v3.01 Basic AMSFonts support
\symAMSa=\mathgroup4
\symAMSb=\mathgroup5
LaTeX Font Info:    Redeclaring math symbol \hbar on input line 98.
LaTeX Font Info:    Overwriting math alphabet `\mathfrak' in version `bold'
(Font)                  U/euf/m/n --> U/euf/b/n on input line 106.
)) (/Users/eliasalerno/Library/TinyTeX/texmf-dist/tex/latex/graphics/graphicx.sty
Package: graphicx 2024/12/31 v1.2e Enhanced LaTeX Graphics (DPC,SPQR)
 (/Users/eliasalerno/Library/TinyTeX/texmf-dist/tex/latex/graphics/graphics.sty
Package: graphics 2024/08/06 v1.4g Standard LaTeX Graphics (DPC,SPQR)
 (/Users/eliasalerno/Library/TinyTeX/texmf-dist/tex/latex/graphics/trig.sty
Package: trig 2023/12/02 v1.11 sin cos tan (DPC)
) (/Users/eliasalerno/Library/TinyTeX/texmf-dist/tex/latex/graphics-cfg/graphics.cfg
File: graphics.cfg 2016/06/04 v1.11 sample graphics configuration
)
Package graphics Info: Driver file: pdftex.def on input line 106.
 (/Users/eliasalerno/Library/TinyTeX/texmf-dist/tex/latex/graphics-def/pdftex.def
File: pdftex.def 2025/09/29 v1.2d Graphics/color driver for pdftex
))
\Gin@req@height=\dimen167
\Gin@req@width=\dimen168
) (/Users/eliasalerno/Library/TinyTeX/texmf-dist/tex/latex/float/float.sty
Package: float 2001/11/08 v1.3d Float enhancements (AL)
\c@float@type=\count300
\float@exts=\toks24
\float@box=\box55
\@float@everytoks=\toks25
\@floatcapt=\box56
) (/Users/eliasalerno/Library/TinyTeX/texmf-dist/tex/latex/caption/subcaption.sty
Package: subcaption 2023/07/28 v1.6b Sub-captions (AR)
 (/Users/eliasalerno/Library/TinyTeX/texmf-dist/tex/latex/caption/caption.sty
Package: caption 2023/08/05 v3.6o Customizing captions (AR)
 (/Users/eliasalerno/Library/TinyTeX/texmf-dist/tex/latex/caption/caption3.sty
Package: caption3 2023/07/31 v2.4d caption3 kernel (AR)
\caption@tempdima=\dimen169
\captionmargin=\dimen170
\caption@leftmargin=\dimen171
\caption@rightmargin=\dimen172
\caption@width=\dimen173
\caption@indent=\dimen174
\caption@parindent=\dimen175
\caption@hangindent=\dimen176
Package caption Info: Standard document class detected.
)
\c@caption@flags=\count301
\c@continuedfloat=\count302
Package caption Info: float package is loaded.
)
Package caption Info: New subtype `subfigure' on input line 238.
\c@subfigure=\count303
Package caption Info: New subtype `subtable' on input line 238.
\c@subtable=\count304
) (/Users/eliasalerno/Library/TinyTeX/texmf-dist/tex/latex/hyperref/hyperref.sty
Package: hyperref 2025-07-12 v7.01o Hypertext links for LaTeX
 (/Users/eliasalerno/Library/TinyTeX/texmf-dist/tex/latex/kvsetkeys/kvsetkeys.sty
Package: kvsetkeys 2022-10-05 v1.19 Key value parser (HO)
) (/Users/eliasalerno/Library/TinyTeX/texmf-dist/tex/generic/kvdefinekeys/kvdefinekeys.sty
Package: kvdefinekeys 2019-12-19 v1.6 Define keys (HO)
) (/Users/eliasalerno/Library/TinyTeX/texmf-dist/tex/generic/pdfescape/pdfescape.sty
Package: pdfescape 2019/12/09 v1.15 Implements pdfTeX's escape features (HO)
 (/Users/eliasalerno/Library/TinyTeX/texmf-dist/tex/generic/ltxcmds/ltxcmds.sty
Package: ltxcmds 2023-12-04 v1.26 LaTeX kernel commands for general use (HO)
) (/Users/eliasalerno/Library/TinyTeX/texmf-dist/tex/generic/pdftexcmds/pdftexcmds.sty
Package: pdftexcmds 2020-06-27 v0.33 Utility functions of pdfTeX for LuaTeX (HO)
 (/Users/eliasalerno/Library/TinyTeX/texmf-dist/tex/generic/infwarerr/infwarerr.sty
Package: infwarerr 2019/12/03 v1.5 Providing info/warning/error messages (HO)
)
Package pdftexcmds Info: \pdf@primitive is available.
Package pdftexcmds Info: \pdf@ifprimitive is available.
Package pdftexcmds Info: \pdfdraftmode found.
)) (/Users/eliasalerno/Library/TinyTeX/texmf-dist/tex/latex/hycolor/hycolor.sty
Package: hycolor 2020-01-27 v1.10 Color options for hyperref/bookmark (HO)
) (/Users/eliasalerno/Library/TinyTeX/texmf-dist/tex/latex/hyperref/nameref.sty
Package: nameref 2025-06-21 v2.57 Cross-referencing by name of section
 (/Users/eliasalerno/Library/TinyTeX/texmf-dist/tex/latex/refcount/refcount.sty
Package: refcount 2019/12/15 v3.6 Data extraction from label references (HO)
) (/Users/eliasalerno/Library/TinyTeX/texmf-dist/tex/generic/gettitlestring/gettitlestring.sty
Package: gettitlestring 2019/12/15 v1.6 Cleanup title references (HO)
 (/Users/eliasalerno/Library/TinyTeX/texmf-dist/tex/latex/kvoptions/kvoptions.sty
Package: kvoptions 2022-06-15 v3.15 Key value format for package options (HO)
))
\c@section@level=\count305
) (/Users/eliasalerno/Library/TinyTeX/texmf-dist/tex/latex/etoolbox/etoolbox.sty
Package: etoolbox 2025/10/02 v2.5m e-TeX tools for LaTeX (JAW)
\etb@tempcnta=\count306
) (/Users/eliasalerno/Library/TinyTeX/texmf-dist/tex/generic/stringenc/stringenc.sty
Package: stringenc 2019/11/29 v1.12 Convert strings between diff. encodings (HO)
)
\@linkdim=\dimen177
\Hy@linkcounter=\count307
\Hy@pagecounter=\count308
 (/Users/eliasalerno/Library/TinyTeX/texmf-dist/tex/latex/hyperref/pd1enc.def
File: pd1enc.def 2025-07-12 v7.01o Hyperref: PDFDocEncoding definition (HO)
Now handling font encoding PD1 ...
... no UTF-8 mapping file for font encoding PD1
) (/Users/eliasalerno/Library/TinyTeX/texmf-dist/tex/generic/intcalc/intcalc.sty
Package: intcalc 2019/12/15 v1.3 Expandable calculations with integers (HO)
)
\Hy@SavedSpaceFactor=\count309
 (/Users/eliasalerno/Library/TinyTeX/texmf-dist/tex/latex/hyperref/puenc.def
File: puenc.def 2025-07-12 v7.01o Hyperref: PDF Unicode definition (HO)
Now handling font encoding PU ...
... no UTF-8 mapping file for font encoding PU
)
Package hyperref Info: Option `colorlinks' set `true' on input line 4066.
Package hyperref Info: Hyper figures OFF on input line 4195.
Package hyperref Info: Link nesting OFF on input line 4200.
Package hyperref Info: Hyper index ON on input line 4203.
Package hyperref Info: Plain pages OFF on input line 4210.
Package hyperref Info: Backreferencing OFF on input line 4215.
Package hyperref Info: Implicit mode ON; LaTeX internals redefined.
Package hyperref Info: Bookmarks ON on input line 4462.
\c@Hy@tempcnt=\count310
 (/Users/eliasalerno/Library/TinyTeX/texmf-dist/tex/latex/url/url.sty
\Urlmuskip=\muskip18
Package: url 2013/09/16  ver 3.4  Verb mode for urls, etc.
)
LaTeX Info: Redefining \url on input line 4801.
\XeTeXLinkMargin=\dimen178
 (/Users/eliasalerno/Library/TinyTeX/texmf-dist/tex/generic/bitset/bitset.sty
Package: bitset 2019/12/09 v1.3 Handle bit-vector datatype (HO)
 (/Users/eliasalerno/Library/TinyTeX/texmf-dist/tex/generic/bigintcalc/bigintcalc.sty
Package: bigintcalc 2019/12/15 v1.5 Expandable calculations on big integers (HO)
))
\Fld@menulength=\count311
\Field@Width=\dimen179
\Fld@charsize=\dimen180
Package hyperref Info: Hyper figures OFF on input line 6078.
Package hyperref Info: Link nesting OFF on input line 6083.
Package hyperref Info: Hyper index ON on input line 6086.
Package hyperref Info: backreferencing OFF on input line 6093.
Package hyperref Info: Link coloring ON on input line 6096.
Package hyperref Info: Link coloring with OCG OFF on input line 6103.
Package hyperref Info: PDF/A mode OFF on input line 6108.
\Hy@abspage=\count312
\c@Item=\count313
\c@Hfootnote=\count314
)
Package hyperref Info: Driver (autodetected): hpdftex.
 (/Users/eliasalerno/Library/TinyTeX/texmf-dist/tex/latex/hyperref/hpdftex.def
File: hpdftex.def 2025-07-12 v7.01o Hyperref driver for pdfTeX
\Fld@listcount=\count315
\c@bookmark@seq@number=\count316
 (/Users/eliasalerno/Library/TinyTeX/texmf-dist/tex/latex/rerunfilecheck/rerunfilecheck.sty
Package: rerunfilecheck 2025-06-21 v1.11 Rerun checks for auxiliary files (HO)
 (/Users/eliasalerno/Library/TinyTeX/texmf-dist/tex/generic/uniquecounter/uniquecounter.sty
Package: uniquecounter 2019/12/15 v1.4 Provide unlimited unique counter (HO)
)
Package uniquecounter Info: New unique counter `rerunfilecheck' on input line 284.
)
\Hy@SectionHShift=\skip54
) (/Users/eliasalerno/Library/TinyTeX/texmf-dist/tex/latex/l3backend/l3backend-pdftex.def
File: l3backend-pdftex.def 2025-10-09 L3 backend support: PDF output (pdfTeX)
\l__color_backend_stack_int=\count317
)
No file project.aux.
\openout1 = `project.aux'.

LaTeX Font Info:    Checking defaults for OML/cmm/m/it on input line 15.
LaTeX Font Info:    ... okay on input line 15.
LaTeX Font Info:    Checking defaults for OMS/cmsy/m/n on input line 15.
LaTeX Font Info:    ... okay on input line 15.
LaTeX Font Info:    Checking defaults for OT1/cmr/m/n on input line 15.
LaTeX Font Info:    ... okay on input line 15.
LaTeX Font Info:    Checking defaults for T1/cmr/m/n on input line 15.
LaTeX Font Info:    ... okay on input line 15.
LaTeX Font Info:    Checking defaults for TS1/cmr/m/n on input line 15.
LaTeX Font Info:    ... okay on input line 15.
LaTeX Font Info:    Checking defaults for OMX/cmex/m/n on input line 15.
LaTeX Font Info:    ... okay on input line 15.
LaTeX Font Info:    Checking defaults for U/cmr/m/n on input line 15.
LaTeX Font Info:    ... okay on input line 15.
LaTeX Font Info:    Checking defaults for PD1/pdf/m/n on input line 15.
LaTeX Font Info:    ... okay on input line 15.
LaTeX Font Info:    Checking defaults for PU/pdf/m/n on input line 15.
LaTeX Font Info:    ... okay on input line 15.
/Users/eliasalerno/Github/V5-2_project/project.tex:15: Undefined control sequence.
\__hook begindocument ...fter {\bbl@main@language 
                                                  }\ifbbl@single \renewcomma...
l.15 \begin{document}
                     
The control sequence at the end of the top line
of your error message was never \def'ed. If you have
misspelled it (e.g., `\hobx'), type `I' and the correct
spelling (e.g., `I\hbox'). Otherwise just continue,
and I'll forget about whatever was undefined.

Runaway argument?
\@m \let \normalsfcodes \frenchspacing \else \let \normalsfcodes \nonfrenchspacing \ETC.
/Users/eliasalerno/Github/V5-2_project/project.tex:17: Paragraph ended before \bbl@tempe was complete.
<to be read again> 
                   \par 
l.17 
     
I suspect you've forgotten a `}', causing me to apply this
control sequence to too much text. How can we recover?
My plan is to forget the whole thing and hope for the best.

/Users/eliasalerno/Github/V5-2_project/project.tex:20: Undefined control sequence.
\GenericError  ...                                
                                                    #4  \errhelp \@err@     ...
l.20 \end{abstract}
                   
The control sequence at the end of the top line
of your error message was never \def'ed. If you have
misspelled it (e.g., `\hobx'), type `I' and the correct
spelling (e.g., `I\hbox'). Otherwise just continue,
and I'll forget about whatever was undefined.

/Users/eliasalerno/Github/V5-2_project/project.tex:20: Undefined control sequence.
\GenericError  ...                                
                                                  \let \@err@               ...
l.20 \end{abstract}
                   
The control sequence at the end of the top line
of your error message was never \def'ed. If you have
misspelled it (e.g., `\hobx'), type `I' and the correct
spelling (e.g., `I\hbox'). Otherwise just continue,
and I'll forget about whatever was undefined.

/Users/eliasalerno/Github/V5-2_project/project.tex:20: Undefined control sequence.
\GenericError  ...                                
                                                  \@empty \def \MessageBreak...
l.20 \end{abstract}
                   
The control sequence at the end of the top line
of your error message was never \def'ed. If you have
misspelled it (e.g., `\hobx'), type `I' and the correct
spelling (e.g., `I\hbox'). Otherwise just continue,
and I'll forget about whatever was undefined.

/Users/eliasalerno/Github/V5-2_project/project.tex:20: Undefined control sequence.
\GenericError  ...                                
                                                    #4  \errhelp \@err@     ...
l.20 \end{abstract}
                   
The control sequence at the end of the top line
of your error message was never \def'ed. If you have
misspelled it (e.g., `\hobx'), type `I' and the correct
spelling (e.g., `I\hbox'). Otherwise just continue,
and I'll forget about whatever was undefined.

/Users/eliasalerno/Github/V5-2_project/project.tex:20: Undefined control sequence.
\GenericError  ...                                
                                                  \let \@err@               ...
l.20 \end{abstract}
                   
The control sequence at the end of the top line
of your error message was never \def'ed. If you have
misspelled it (e.g., `\hobx'), type `I' and the correct
spelling (e.g., `I\hbox'). Otherwise just continue,
and I'll forget about whatever was undefined.

/Users/eliasalerno/Github/V5-2_project/project.tex:20: Undefined control sequence.
\GenericError  ...                                
                                                  \@empty \def \MessageBreak...
l.20 \end{abstract}
                   
The control sequence at the end of the top line
of your error message was never \def'ed. If you have
misspelled it (e.g., `\hobx'), type `I' and the correct
spelling (e.g., `I\hbox'). Otherwise just continue,
and I'll forget about whatever was undefined.

/Users/eliasalerno/Github/V5-2_project/project.tex:20: Undefined control sequence.
\GenericError  ...                                
                                                    #4  \errhelp \@err@     ...
l.20 \end{abstract}
                   
The control sequence at the end of the top line
of your error message was never \def'ed. If you have
misspelled it (e.g., `\hobx'), type `I' and the correct
spelling (e.g., `I\hbox'). Otherwise just continue,
and I'll forget about whatever was undefined.

/Users/eliasalerno/Github/V5-2_project/project.tex:20: Undefined control sequence.
\GenericError  ...                                
                                                  \let \@err@               ...
l.20 \end{abstract}
                   
The control sequence at the end of the top line
of your error message was never \def'ed. If you have
misspelled it (e.g., `\hobx'), type `I' and the correct
spelling (e.g., `I\hbox'). Otherwise just continue,
and I'll forget about whatever was undefined.

/Users/eliasalerno/Github/V5-2_project/project.tex:20: Undefined control sequence.
\GenericError  ...                                
                                                  \@empty \def \MessageBreak...
l.20 \end{abstract}
                   
The control sequence at the end of the top line
of your error message was never \def'ed. If you have
misspelled it (e.g., `\hobx'), type `I' and the correct
spelling (e.g., `I\hbox'). Otherwise just continue,
and I'll forget about whatever was undefined.

/Users/eliasalerno/Github/V5-2_project/project.tex:20: Undefined control sequence.
\GenericError  ...                                
                                                    #4  \errhelp \@err@     ...
l.20 \end{abstract}
                   
The control sequence at the end of the top line
of your error message was never \def'ed. If you have
misspelled it (e.g., `\hobx'), type `I' and the correct
spelling (e.g., `I\hbox'). Otherwise just continue,
and I'll forget about whatever was undefined.

/Users/eliasalerno/Github/V5-2_project/project.tex:20: Undefined control sequence.
\GenericError  ...                                
                                                  \let \@err@               ...
l.20 \end{abstract}
                   
The control sequence at the end of the top line
of your error message was never \def'ed. If you have
misspelled it (e.g., `\hobx'), type `I' and the correct
spelling (e.g., `I\hbox'). Otherwise just continue,
and I'll forget about whatever was undefined.

/Users/eliasalerno/Github/V5-2_project/project.tex:20: Undefined control sequence.
\GenericError  ...                                
                                                  \@empty \def \MessageBreak...
l.20 \end{abstract}
                   
The control sequence at the end of the top line
of your error message was never \def'ed. If you have
misspelled it (e.g., `\hobx'), type `I' and the correct
spelling (e.g., `I\hbox'). Otherwise just continue,
and I'll forget about whatever was undefined.

/Users/eliasalerno/Github/V5-2_project/project.tex:20: Undefined control sequence.
\GenericError  ...                                
                                                    #4  \errhelp \@err@     ...
l.20 \end{abstract}
                   
The control sequence at the end of the top line
of your error message was never \def'ed. If you have
misspelled it (e.g., `\hobx'), type `I' and the correct
spelling (e.g., `I\hbox'). Otherwise just continue,
and I'll forget about whatever was undefined.

/Users/eliasalerno/Github/V5-2_project/project.tex:20: Undefined control sequence.
\GenericError  ...                                
                                                  \let \@err@               ...
l.20 \end{abstract}
                   
The control sequence at the end of the top line
of your error message was never \def'ed. If you have
misspelled it (e.g., `\hobx'), type `I' and the correct
spelling (e.g., `I\hbox'). Otherwise just continue,
and I'll forget about whatever was undefined.

/Users/eliasalerno/Github/V5-2_project/project.tex:20: Undefined control sequence.
\GenericError  ...                                
                                                  \@empty \def \MessageBreak...
l.20 \end{abstract}
                   
The control sequence at the end of the top line
of your error message was never \def'ed. If you have
misspelled it (e.g., `\hobx'), type `I' and the correct
spelling (e.g., `I\hbox'). Otherwise just continue,
and I'll forget about whatever was undefined.

/Users/eliasalerno/Github/V5-2_project/project.tex:20: Undefined control sequence.
\GenericError  ...                                
                                                    #4  \errhelp \@err@     ...
l.20 \end{abstract}
                   
The control sequence at the end of the top line
of your error message was never \def'ed. If you have
misspelled it (e.g., `\hobx'), type `I' and the correct
spelling (e.g., `I\hbox'). Otherwise just continue,
and I'll forget about whatever was undefined.

/Users/eliasalerno/Github/V5-2_project/project.tex:20: Undefined control sequence.
\GenericError  ...                                
                                                  \let \@err@               ...
l.20 \end{abstract}
                   
The control sequence at the end of the top line
of your error message was never \def'ed. If you have
misspelled it (e.g., `\hobx'), type `I' and the correct
spelling (e.g., `I\hbox'). Otherwise just continue,
and I'll forget about whatever was undefined.

/Users/eliasalerno/Github/V5-2_project/project.tex:20: Undefined control sequence.
\GenericError  ...                                
                                                  \@empty \def \MessageBreak...
l.20 \end{abstract}
                   
The control sequence at the end of the top line
of your error message was never \def'ed. If you have
misspelled it (e.g., `\hobx'), type `I' and the correct
spelling (e.g., `I\hbox'). Otherwise just continue,
and I'll forget about whatever was undefined.

/Users/eliasalerno/Github/V5-2_project/project.tex:20: Undefined control sequence.
\GenericError  ...                                
                                                    #4  \errhelp \@err@     ...
l.20 \end{abstract}
                   
The control sequence at the end of the top line
of your error message was never \def'ed. If you have
misspelled it (e.g., `\hobx'), type `I' and the correct
spelling (e.g., `I\hbox'). Otherwise just continue,
and I'll forget about whatever was undefined.

/Users/eliasalerno/Github/V5-2_project/project.tex:20: Undefined control sequence.
\GenericError  ...                                
                                                  \let \@err@               ...
l.20 \end{abstract}
                   
The control sequence at the end of the top line
of your error message was never \def'ed. If you have
misspelled it (e.g., `\hobx'), type `I' and the correct
spelling (e.g., `I\hbox'). Otherwise just continue,
and I'll forget about whatever was undefined.

/Users/eliasalerno/Github/V5-2_project/project.tex:20: Undefined control sequence.
\GenericError  ...                                
                                                  \@empty \def \MessageBreak...
l.20 \end{abstract}
                   
The control sequence at the end of the top line
of your error message was never \def'ed. If you have
misspelled it (e.g., `\hobx'), type `I' and the correct
spelling (e.g., `I\hbox'). Otherwise just continue,
and I'll forget about whatever was undefined.

/Users/eliasalerno/Github/V5-2_project/project.tex:20: Undefined control sequence.
\GenericError  ...                                
                                                    #4  \errhelp \@err@     ...
l.20 \end{abstract}
                   
The control sequence at the end of the top line
of your error message was never \def'ed. If you have
misspelled it (e.g., `\hobx'), type `I' and the correct
spelling (e.g., `I\hbox'). Otherwise just continue,
and I'll forget about whatever was undefined.

/Users/eliasalerno/Github/V5-2_project/project.tex:20: Undefined control sequence.
\GenericError  ...                                
                                                  \let \@err@               ...
l.20 \end{abstract}
                   
The control sequence at the end of the top line
of your error message was never \def'ed. If you have
misspelled it (e.g., `\hobx'), type `I' and the correct
spelling (e.g., `I\hbox'). Otherwise just continue,
and I'll forget about whatever was undefined.

/Users/eliasalerno/Github/V5-2_project/project.tex:20: Undefined control sequence.
\GenericError  ...                                
                                                  \@empty \def \MessageBreak...
l.20 \end{abstract}
                   
The control sequence at the end of the top line
of your error message was never \def'ed. If you have
misspelled it (e.g., `\hobx'), type `I' and the correct
spelling (e.g., `I\hbox'). Otherwise just continue,
and I'll forget about whatever was undefined.

/Users/eliasalerno/Github/V5-2_project/project.tex:20: Undefined control sequence.
\GenericError  ...                                
                                                    #4  \errhelp \@err@     ...
l.20 \end{abstract}
                   
The control sequence at the end of the top line
of your error message was never \def'ed. If you have
misspelled it (e.g., `\hobx'), type `I' and the correct
spelling (e.g., `I\hbox'). Otherwise just continue,
and I'll forget about whatever was undefined.

/Users/eliasalerno/Github/V5-2_project/project.tex:20: Undefined control sequence.
\GenericError  ...                                
                                                  \let \@err@               ...
l.20 \end{abstract}
                   
The control sequence at the end of the top line
of your error message was never \def'ed. If you have
misspelled it (e.g., `\hobx'), type `I' and the correct
spelling (e.g., `I\hbox'). Otherwise just continue,
and I'll forget about whatever was undefined.

/Users/eliasalerno/Github/V5-2_project/project.tex:20: Undefined control sequence.
\GenericError  ...                                
                                                  \@empty \def \MessageBreak...
l.20 \end{abstract}
                   
The control sequence at the end of the top line
of your error message was never \def'ed. If you have
misspelled it (e.g., `\hobx'), type `I' and the correct
spelling (e.g., `I\hbox'). Otherwise just continue,
and I'll forget about whatever was undefined.

/Users/eliasalerno/Github/V5-2_project/project.tex:20: Undefined control sequence.
\GenericError  ...                                
                                                    #4  \errhelp \@err@     ...
l.20 \end{abstract}
                   
The control sequence at the end of the top line
of your error message was never \def'ed. If you have
misspelled it (e.g., `\hobx'), type `I' and the correct
spelling (e.g., `I\hbox'). Otherwise just continue,
and I'll forget about whatever was undefined.

/Users/eliasalerno/Github/V5-2_project/project.tex:20: Undefined control sequence.
\GenericError  ...                                
                                                  \let \@err@               ...
l.20 \end{abstract}
                   
The control sequence at the end of the top line
of your error message was never \def'ed. If you have
misspelled it (e.g., `\hobx'), type `I' and the correct
spelling (e.g., `I\hbox'). Otherwise just continue,
and I'll forget about whatever was undefined.

/Users/eliasalerno/Github/V5-2_project/project.tex:20: Undefined control sequence.
\GenericError  ...                                
                                                  \@empty \def \MessageBreak...
l.20 \end{abstract}
                   
The control sequence at the end of the top line
of your error message was never \def'ed. If you have
misspelled it (e.g., `\hobx'), type `I' and the correct
spelling (e.g., `I\hbox'). Otherwise just continue,
and I'll forget about whatever was undefined.

/Users/eliasalerno/Github/V5-2_project/project.tex:20: Undefined control sequence.
\GenericError  ...                                
                                                    #4  \errhelp \@err@     ...
l.20 \end{abstract}
                   
The control sequence at the end of the top line
of your error message was never \def'ed. If you have
misspelled it (e.g., `\hobx'), type `I' and the correct
spelling (e.g., `I\hbox'). Otherwise just continue,
and I'll forget about whatever was undefined.

/Users/eliasalerno/Github/V5-2_project/project.tex:20: Undefined control sequence.
\GenericError  ...                                
                                                  \let \@err@               ...
l.20 \end{abstract}
                   
The control sequence at the end of the top line
of your error message was never \def'ed. If you have
misspelled it (e.g., `\hobx'), type `I' and the correct
spelling (e.g., `I\hbox'). Otherwise just continue,
and I'll forget about whatever was undefined.

/Users/eliasalerno/Github/V5-2_project/project.tex:20: Undefined control sequence.
\GenericError  ...                                
                                                  \@empty \def \MessageBreak...
l.20 \end{abstract}
                   
The control sequence at the end of the top line
of your error message was never \def'ed. If you have
misspelled it (e.g., `\hobx'), type `I' and the correct
spelling (e.g., `I\hbox'). Otherwise just continue,
and I'll forget about whatever was undefined.

/Users/eliasalerno/Github/V5-2_project/project.tex:20: Undefined control sequence.
\GenericError  ...                                
                                                    #4  \errhelp \@err@     ...
l.20 \end{abstract}
                   
The control sequence at the end of the top line
of your error message was never \def'ed. If you have
misspelled it (e.g., `\hobx'), type `I' and the correct
spelling (e.g., `I\hbox'). Otherwise just continue,
and I'll forget about whatever was undefined.

/Users/eliasalerno/Github/V5-2_project/project.tex:20: Undefined control sequence.
\GenericError  ...                                
                                                  \let \@err@               ...
l.20 \end{abstract}
                   
The control sequence at the end of the top line
of your error message was never \def'ed. If you have
misspelled it (e.g., `\hobx'), type `I' and the correct
spelling (e.g., `I\hbox'). Otherwise just continue,
and I'll forget about whatever was undefined.

/Users/eliasalerno/Github/V5-2_project/project.tex:20: Undefined control sequence.
\GenericError  ...                                
                                                  \@empty \def \MessageBreak...
l.20 \end{abstract}
                   
The control sequence at the end of the top line
of your error message was never \def'ed. If you have
misspelled it (e.g., `\hobx'), type `I' and the correct
spelling (e.g., `I\hbox'). Otherwise just continue,
and I'll forget about whatever was undefined.

/Users/eliasalerno/Github/V5-2_project/project.tex:20: Undefined control sequence.
\GenericError  ...                                
                                                    #4  \errhelp \@err@     ...
l.20 \end{abstract}
                   
The control sequence at the end of the top line
of your error message was never \def'ed. If you have
misspelled it (e.g., `\hobx'), type `I' and the correct
spelling (e.g., `I\hbox'). Otherwise just continue,
and I'll forget about whatever was undefined.

/Users/eliasalerno/Github/V5-2_project/project.tex:20: Undefined control sequence.
\GenericError  ...                                
                                                  \let \@err@               ...
l.20 \end{abstract}
                   
The control sequence at the end of the top line
of your error message was never \def'ed. If you have
misspelled it (e.g., `\hobx'), type `I' and the correct
spelling (e.g., `I\hbox'). Otherwise just continue,
and I'll forget about whatever was undefined.

/Users/eliasalerno/Github/V5-2_project/project.tex:20: Undefined control sequence.
\GenericError  ...                                
                                                  \@empty \def \MessageBreak...
l.20 \end{abstract}
                   
The control sequence at the end of the top line
of your error message was never \def'ed. If you have
misspelled it (e.g., `\hobx'), type `I' and the correct
spelling (e.g., `I\hbox'). Otherwise just continue,
and I'll forget about whatever was undefined.

/Users/eliasalerno/Github/V5-2_project/project.tex:20: Undefined control sequence.
\GenericError  ...                                
                                                    #4  \errhelp \@err@     ...
l.20 \end{abstract}
                   
The control sequence at the end of the top line
of your error message was never \def'ed. If you have
misspelled it (e.g., `\hobx'), type `I' and the correct
spelling (e.g., `I\hbox'). Otherwise just continue,
and I'll forget about whatever was undefined.

/Users/eliasalerno/Github/V5-2_project/project.tex:20: Undefined control sequence.
\GenericError  ...                                
                                                  \let \@err@               ...
l.20 \end{abstract}
                   
The control sequence at the end of the top line
of your error message was never \def'ed. If you have
misspelled it (e.g., `\hobx'), type `I' and the correct
spelling (e.g., `I\hbox'). Otherwise just continue,
and I'll forget about whatever was undefined.

/Users/eliasalerno/Github/V5-2_project/project.tex:20: Undefined control sequence.
\GenericError  ...                                
                                                  \@empty \def \MessageBreak...
l.20 \end{abstract}
                   
The control sequence at the end of the top line
of your error message was never \def'ed. If you have
misspelled it (e.g., `\hobx'), type `I' and the correct
spelling (e.g., `I\hbox'). Otherwise just continue,
and I'll forget about whatever was undefined.

/Users/eliasalerno/Github/V5-2_project/project.tex:20: Undefined control sequence.
\GenericError  ...                                
                                                    #4  \errhelp \@err@     ...
l.20 \end{abstract}
                   
The control sequence at the end of the top line
of your error message was never \def'ed. If you have
misspelled it (e.g., `\hobx'), type `I' and the correct
spelling (e.g., `I\hbox'). Otherwise just continue,
and I'll forget about whatever was undefined.

/Users/eliasalerno/Github/V5-2_project/project.tex:20: Undefined control sequence.
\GenericError  ...                                
                                                  \let \@err@               ...
l.20 \end{abstract}
                   
The control sequence at the end of the top line
of your error message was never \def'ed. If you have
misspelled it (e.g., `\hobx'), type `I' and the correct
spelling (e.g., `I\hbox'). Otherwise just continue,
and I'll forget about whatever was undefined.

/Users/eliasalerno/Github/V5-2_project/project.tex:20: Undefined control sequence.
\GenericError  ...                                
                                                  \@empty \def \MessageBreak...
l.20 \end{abstract}
                   
The control sequence at the end of the top line
of your error message was never \def'ed. If you have
misspelled it (e.g., `\hobx'), type `I' and the correct
spelling (e.g., `I\hbox'). Otherwise just continue,
and I'll forget about whatever was undefined.

/Users/eliasalerno/Github/V5-2_project/project.tex:20: Undefined control sequence.
\GenericError  ...                                
                                                    #4  \errhelp \@err@     ...
l.20 \end{abstract}
                   
The control sequence at the end of the top line
of your error message was never \def'ed. If you have
misspelled it (e.g., `\hobx'), type `I' and the correct
spelling (e.g., `I\hbox'). Otherwise just continue,
and I'll forget about whatever was undefined.

/Users/eliasalerno/Github/V5-2_project/project.tex:20: Undefined control sequence.
\GenericError  ...                                
                                                  \let \@err@               ...
l.20 \end{abstract}
                   
The control sequence at the end of the top line
of your error message was never \def'ed. If you have
misspelled it (e.g., `\hobx'), type `I' and the correct
spelling (e.g., `I\hbox'). Otherwise just continue,
and I'll forget about whatever was undefined.

/Users/eliasalerno/Github/V5-2_project/project.tex:20: Undefined control sequence.
\GenericError  ...                                
                                                  \@empty \def \MessageBreak...
l.20 \end{abstract}
                   
The control sequence at the end of the top line
of your error message was never \def'ed. If you have
misspelled it (e.g., `\hobx'), type `I' and the correct
spelling (e.g., `I\hbox'). Otherwise just continue,
and I'll forget about whatever was undefined.

/Users/eliasalerno/Github/V5-2_project/project.tex:20: Undefined control sequence.
\GenericError  ...                                
                                                    #4  \errhelp \@err@     ...
l.20 \end{abstract}
                   
The control sequence at the end of the top line
of your error message was never \def'ed. If you have
misspelled it (e.g., `\hobx'), type `I' and the correct
spelling (e.g., `I\hbox'). Otherwise just continue,
and I'll forget about whatever was undefined.

/Users/eliasalerno/Github/V5-2_project/project.tex:20: Undefined control sequence.
\GenericError  ...                                
                                                  \let \@err@               ...
l.20 \end{abstract}
                   
The control sequence at the end of the top line
of your error message was never \def'ed. If you have
misspelled it (e.g., `\hobx'), type `I' and the correct
spelling (e.g., `I\hbox'). Otherwise just continue,
and I'll forget about whatever was undefined.

/Users/eliasalerno/Github/V5-2_project/project.tex:20: Undefined control sequence.
\GenericError  ...                                
                                                  \@empty \def \MessageBreak...
l.20 \end{abstract}
                   
The control sequence at the end of the top line
of your error message was never \def'ed. If you have
misspelled it (e.g., `\hobx'), type `I' and the correct
spelling (e.g., `I\hbox'). Otherwise just continue,
and I'll forget about whatever was undefined.

/Users/eliasalerno/Github/V5-2_project/project.tex:20: Undefined control sequence.
\GenericError  ...                                
                                                    #4  \errhelp \@err@     ...
l.20 \end{abstract}
                   
The control sequence at the end of the top line
of your error message was never \def'ed. If you have
misspelled it (e.g., `\hobx'), type `I' and the correct
spelling (e.g., `I\hbox'). Otherwise just continue,
and I'll forget about whatever was undefined.

/Users/eliasalerno/Github/V5-2_project/project.tex:20: Undefined control sequence.
\GenericError  ...                                
                                                  \let \@err@               ...
l.20 \end{abstract}
                   
The control sequence at the end of the top line
of your error message was never \def'ed. If you have
misspelled it (e.g., `\hobx'), type `I' and the correct
spelling (e.g., `I\hbox'). Otherwise just continue,
and I'll forget about whatever was undefined.

/Users/eliasalerno/Github/V5-2_project/project.tex:20: Undefined control sequence.
\GenericError  ...                                
                                                  \@empty \def \MessageBreak...
l.20 \end{abstract}
                   
The control sequence at the end of the top line
of your error message was never \def'ed. If you have
misspelled it (e.g., `\hobx'), type `I' and the correct
spelling (e.g., `I\hbox'). Otherwise just continue,
and I'll forget about whatever was undefined.

/Users/eliasalerno/Github/V5-2_project/project.tex:20: Undefined control sequence.
\GenericError  ...                                
                                                    #4  \errhelp \@err@     ...
l.20 \end{abstract}
                   
The control sequence at the end of the top line
of your error message was never \def'ed. If you have
misspelled it (e.g., `\hobx'), type `I' and the correct
spelling (e.g., `I\hbox'). Otherwise just continue,
and I'll forget about whatever was undefined.

/Users/eliasalerno/Github/V5-2_project/project.tex:20: Undefined control sequence.
\GenericError  ...                                
                                                  \let \@err@               ...
l.20 \end{abstract}
                   
The control sequence at the end of the top line
of your error message was never \def'ed. If you have
misspelled it (e.g., `\hobx'), type `I' and the correct
spelling (e.g., `I\hbox'). Otherwise just continue,
and I'll forget about whatever was undefined.

/Users/eliasalerno/Github/V5-2_project/project.tex:20: Undefined control sequence.
\GenericError  ...                                
                                                  \@empty \def \MessageBreak...
l.20 \end{abstract}
                   
The control sequence at the end of the top line
of your error message was never \def'ed. If you have
misspelled it (e.g., `\hobx'), type `I' and the correct
spelling (e.g., `I\hbox'). Otherwise just continue,
and I'll forget about whatever was undefined.

/Users/eliasalerno/Github/V5-2_project/project.tex:20: Undefined control sequence.
\GenericError  ...                                
                                                    #4  \errhelp \@err@     ...
l.20 \end{abstract}
                   
The control sequence at the end of the top line
of your error message was never \def'ed. If you have
misspelled it (e.g., `\hobx'), type `I' and the correct
spelling (e.g., `I\hbox'). Otherwise just continue,
and I'll forget about whatever was undefined.

/Users/eliasalerno/Github/V5-2_project/project.tex:20: Undefined control sequence.
\GenericError  ...                                
                                                  \let \@err@               ...
l.20 \end{abstract}
                   
The control sequence at the end of the top line
of your error message was never \def'ed. If you have
misspelled it (e.g., `\hobx'), type `I' and the correct
spelling (e.g., `I\hbox'). Otherwise just continue,
and I'll forget about whatever was undefined.

/Users/eliasalerno/Github/V5-2_project/project.tex:20: Undefined control sequence.
\GenericError  ...                                
                                                  \@empty \def \MessageBreak...
l.20 \end{abstract}
                   
The control sequence at the end of the top line
of your error message was never \def'ed. If you have
misspelled it (e.g., `\hobx'), type `I' and the correct
spelling (e.g., `I\hbox'). Otherwise just continue,
and I'll forget about whatever was undefined.

/Users/eliasalerno/Github/V5-2_project/project.tex:20: Undefined control sequence.
\GenericError  ...                                
                                                    #4  \errhelp \@err@     ...
l.20 \end{abstract}
                   
The control sequence at the end of the top line
of your error message was never \def'ed. If you have
misspelled it (e.g., `\hobx'), type `I' and the correct
spelling (e.g., `I\hbox'). Otherwise just continue,
and I'll forget about whatever was undefined.

/Users/eliasalerno/Github/V5-2_project/project.tex:20: Undefined control sequence.
\GenericError  ...                                
                                                  \let \@err@               ...
l.20 \end{abstract}
                   
The control sequence at the end of the top line
of your error message was never \def'ed. If you have
misspelled it (e.g., `\hobx'), type `I' and the correct
spelling (e.g., `I\hbox'). Otherwise just continue,
and I'll forget about whatever was undefined.

/Users/eliasalerno/Github/V5-2_project/project.tex:20: Undefined control sequence.
\GenericError  ...                                
                                                  \@empty \def \MessageBreak...
l.20 \end{abstract}
                   
The control sequence at the end of the top line
of your error message was never \def'ed. If you have
misspelled it (e.g., `\hobx'), type `I' and the correct
spelling (e.g., `I\hbox'). Otherwise just continue,
and I'll forget about whatever was undefined.

/Users/eliasalerno/Github/V5-2_project/project.tex:20: Undefined control sequence.
\GenericError  ...                                
                                                    #4  \errhelp \@err@     ...
l.20 \end{abstract}
                   
The control sequence at the end of the top line
of your error message was never \def'ed. If you have
misspelled it (e.g., `\hobx'), type `I' and the correct
spelling (e.g., `I\hbox'). Otherwise just continue,
and I'll forget about whatever was undefined.

/Users/eliasalerno/Github/V5-2_project/project.tex:20: Undefined control sequence.
\GenericError  ...                                
                                                  \let \@err@               ...
l.20 \end{abstract}
                   
The control sequence at the end of the top line
of your error message was never \def'ed. If you have
misspelled it (e.g., `\hobx'), type `I' and the correct
spelling (e.g., `I\hbox'). Otherwise just continue,
and I'll forget about whatever was undefined.

/Users/eliasalerno/Github/V5-2_project/project.tex:20: Undefined control sequence.
\GenericError  ...                                
                                                  \@empty \def \MessageBreak...
l.20 \end{abstract}
                   
The control sequence at the end of the top line
of your error message was never \def'ed. If you have
misspelled it (e.g., `\hobx'), type `I' and the correct
spelling (e.g., `I\hbox'). Otherwise just continue,
and I'll forget about whatever was undefined.

/Users/eliasalerno/Github/V5-2_project/project.tex:20: Undefined control sequence.
\GenericError  ...                                
                                                    #4  \errhelp \@err@     ...
l.20 \end{abstract}
                   
The control sequence at the end of the top line
of your error message was never \def'ed. If you have
misspelled it (e.g., `\hobx'), type `I' and the correct
spelling (e.g., `I\hbox'). Otherwise just continue,
and I'll forget about whatever was undefined.

/Users/eliasalerno/Github/V5-2_project/project.tex:20: Undefined control sequence.
\GenericError  ...                                
                                                  \let \@err@               ...
l.20 \end{abstract}
                   
The control sequence at the end of the top line
of your error message was never \def'ed. If you have
misspelled it (e.g., `\hobx'), type `I' and the correct
spelling (e.g., `I\hbox'). Otherwise just continue,
and I'll forget about whatever was undefined.

/Users/eliasalerno/Github/V5-2_project/project.tex:20: Undefined control sequence.
\GenericError  ...                                
                                                  \@empty \def \MessageBreak...
l.20 \end{abstract}
                   
The control sequence at the end of the top line
of your error message was never \def'ed. If you have
misspelled it (e.g., `\hobx'), type `I' and the correct
spelling (e.g., `I\hbox'). Otherwise just continue,
and I'll forget about whatever was undefined.

/Users/eliasalerno/Github/V5-2_project/project.tex:20: Undefined control sequence.
\GenericError  ...                                
                                                    #4  \errhelp \@err@     ...
l.20 \end{abstract}
                   
The control sequence at the end of the top line
of your error message was never \def'ed. If you have
misspelled it (e.g., `\hobx'), type `I' and the correct
spelling (e.g., `I\hbox'). Otherwise just continue,
and I'll forget about whatever was undefined.

/Users/eliasalerno/Github/V5-2_project/project.tex:20: Undefined control sequence.
\GenericError  ...                                
                                                  \let \@err@               ...
l.20 \end{abstract}
                   
The control sequence at the end of the top line
of your error message was never \def'ed. If you have
misspelled it (e.g., `\hobx'), type `I' and the correct
spelling (e.g., `I\hbox'). Otherwise just continue,
and I'll forget about whatever was undefined.

/Users/eliasalerno/Github/V5-2_project/project.tex:20: Undefined control sequence.
\GenericError  ...                                
                                                  \@empty \def \MessageBreak...
l.20 \end{abstract}
                   
The control sequence at the end of the top line
of your error message was never \def'ed. If you have
misspelled it (e.g., `\hobx'), type `I' and the correct
spelling (e.g., `I\hbox'). Otherwise just continue,
and I'll forget about whatever was undefined.

/Users/eliasalerno/Github/V5-2_project/project.tex:20: Undefined control sequence.
\GenericError  ...                                
                                                    #4  \errhelp \@err@     ...
l.20 \end{abstract}
                   
The control sequence at the end of the top line
of your error message was never \def'ed. If you have
misspelled it (e.g., `\hobx'), type `I' and the correct
spelling (e.g., `I\hbox'). Otherwise just continue,
and I'll forget about whatever was undefined.

/Users/eliasalerno/Github/V5-2_project/project.tex:20: Undefined control sequence.
\GenericError  ...                                
                                                  \let \@err@               ...
l.20 \end{abstract}
                   
The control sequence at the end of the top line
of your error message was never \def'ed. If you have
misspelled it (e.g., `\hobx'), type `I' and the correct
spelling (e.g., `I\hbox'). Otherwise just continue,
and I'll forget about whatever was undefined.

/Users/eliasalerno/Github/V5-2_project/project.tex:20: Undefined control sequence.
\GenericError  ...                                
                                                  \@empty \def \MessageBreak...
l.20 \end{abstract}
                   
The control sequence at the end of the top line
of your error message was never \def'ed. If you have
misspelled it (e.g., `\hobx'), type `I' and the correct
spelling (e.g., `I\hbox'). Otherwise just continue,
and I'll forget about whatever was undefined.

/Users/eliasalerno/Github/V5-2_project/project.tex:20: Undefined control sequence.
\GenericError  ...                                
                                                    #4  \errhelp \@err@     ...
l.20 \end{abstract}
                   
The control sequence at the end of the top line
of your error message was never \def'ed. If you have
misspelled it (e.g., `\hobx'), type `I' and the correct
spelling (e.g., `I\hbox'). Otherwise just continue,
and I'll forget about whatever was undefined.

/Users/eliasalerno/Github/V5-2_project/project.tex:20: Undefined control sequence.
\GenericError  ...                                
                                                  \let \@err@               ...
l.20 \end{abstract}
                   
The control sequence at the end of the top line
of your error message was never \def'ed. If you have
misspelled it (e.g., `\hobx'), type `I' and the correct
spelling (e.g., `I\hbox'). Otherwise just continue,
and I'll forget about whatever was undefined.

/Users/eliasalerno/Github/V5-2_project/project.tex:20: Undefined control sequence.
\GenericError  ...                                
                                                  \@empty \def \MessageBreak...
l.20 \end{abstract}
                   
The control sequence at the end of the top line
of your error message was never \def'ed. If you have
misspelled it (e.g., `\hobx'), type `I' and the correct
spelling (e.g., `I\hbox'). Otherwise just continue,
and I'll forget about whatever was undefined.

/Users/eliasalerno/Github/V5-2_project/project.tex:20: Undefined control sequence.
\GenericError  ...                                
                                                    #4  \errhelp \@err@     ...
l.20 \end{abstract}
                   
The control sequence at the end of the top line
of your error message was never \def'ed. If you have
misspelled it (e.g., `\hobx'), type `I' and the correct
spelling (e.g., `I\hbox'). Otherwise just continue,
and I'll forget about whatever was undefined.

/Users/eliasalerno/Github/V5-2_project/project.tex:20: Undefined control sequence.
\GenericError  ...                                
                                                  \let \@err@               ...
l.20 \end{abstract}
                   
The control sequence at the end of the top line
of your error message was never \def'ed. If you have
misspelled it (e.g., `\hobx'), type `I' and the correct
spelling (e.g., `I\hbox'). Otherwise just continue,
and I'll forget about whatever was undefined.

/Users/eliasalerno/Github/V5-2_project/project.tex:20: Undefined control sequence.
\GenericError  ...                                
                                                  \@empty \def \MessageBreak...
l.20 \end{abstract}
                   
The control sequence at the end of the top line
of your error message was never \def'ed. If you have
misspelled it (e.g., `\hobx'), type `I' and the correct
spelling (e.g., `I\hbox'). Otherwise just continue,
and I'll forget about whatever was undefined.

/Users/eliasalerno/Github/V5-2_project/project.tex:20: Undefined control sequence.
\GenericError  ...                                
                                                    #4  \errhelp \@err@     ...
l.20 \end{abstract}
                   
The control sequence at the end of the top line
of your error message was never \def'ed. If you have
misspelled it (e.g., `\hobx'), type `I' and the correct
spelling (e.g., `I\hbox'). Otherwise just continue,
and I'll forget about whatever was undefined.

/Users/eliasalerno/Github/V5-2_project/project.tex:20: Undefined control sequence.
\GenericError  ...                                
                                                  \let \@err@               ...
l.20 \end{abstract}
                   
The control sequence at the end of the top line
of your error message was never \def'ed. If you have
misspelled it (e.g., `\hobx'), type `I' and the correct
spelling (e.g., `I\hbox'). Otherwise just continue,
and I'll forget about whatever was undefined.

/Users/eliasalerno/Github/V5-2_project/project.tex:20: Undefined control sequence.
\GenericError  ...                                
                                                  \@empty \def \MessageBreak...
l.20 \end{abstract}
                   
The control sequence at the end of the top line
of your error message was never \def'ed. If you have
misspelled it (e.g., `\hobx'), type `I' and the correct
spelling (e.g., `I\hbox'). Otherwise just continue,
and I'll forget about whatever was undefined.

/Users/eliasalerno/Github/V5-2_project/project.tex:20: Undefined control sequence.
\GenericError  ...                                
                                                    #4  \errhelp \@err@     ...
l.20 \end{abstract}
                   
The control sequence at the end of the top line
of your error message was never \def'ed. If you have
misspelled it (e.g., `\hobx'), type `I' and the correct
spelling (e.g., `I\hbox'). Otherwise just continue,
and I'll forget about whatever was undefined.

/Users/eliasalerno/Github/V5-2_project/project.tex:20: Undefined control sequence.
\GenericError  ...                                
                                                  \let \@err@               ...
l.20 \end{abstract}
                   
The control sequence at the end of the top line
of your error message was never \def'ed. If you have
misspelled it (e.g., `\hobx'), type `I' and the correct
spelling (e.g., `I\hbox'). Otherwise just continue,
and I'll forget about whatever was undefined.

/Users/eliasalerno/Github/V5-2_project/project.tex:20: Undefined control sequence.
\GenericError  ...                                
                                                  \@empty \def \MessageBreak...
l.20 \end{abstract}
                   
The control sequence at the end of the top line
of your error message was never \def'ed. If you have
misspelled it (e.g., `\hobx'), type `I' and the correct
spelling (e.g., `I\hbox'). Otherwise just continue,
and I'll forget about whatever was undefined.

/Users/eliasalerno/Github/V5-2_project/project.tex:20: Undefined control sequence.
\GenericError  ...                                
                                                    #4  \errhelp \@err@     ...
l.20 \end{abstract}
                   
The control sequence at the end of the top line
of your error message was never \def'ed. If you have
misspelled it (e.g., `\hobx'), type `I' and the correct
spelling (e.g., `I\hbox'). Otherwise just continue,
and I'll forget about whatever was undefined.

/Users/eliasalerno/Github/V5-2_project/project.tex:20: Undefined control sequence.
\GenericError  ...                                
                                                  \let \@err@               ...
l.20 \end{abstract}
                   
The control sequence at the end of the top line
of your error message was never \def'ed. If you have
misspelled it (e.g., `\hobx'), type `I' and the correct
spelling (e.g., `I\hbox'). Otherwise just continue,
and I'll forget about whatever was undefined.

/Users/eliasalerno/Github/V5-2_project/project.tex:20: Undefined control sequence.
\GenericError  ...                                
                                                  \@empty \def \MessageBreak...
l.20 \end{abstract}
                   
The control sequence at the end of the top line
of your error message was never \def'ed. If you have
misspelled it (e.g., `\hobx'), type `I' and the correct
spelling (e.g., `I\hbox'). Otherwise just continue,
and I'll forget about whatever was undefined.

/Users/eliasalerno/Github/V5-2_project/project.tex:20: Undefined control sequence.
\GenericError  ...                                
                                                    #4  \errhelp \@err@     ...
l.20 \end{abstract}
                   
The control sequence at the end of the top line
of your error message was never \def'ed. If you have
misspelled it (e.g., `\hobx'), type `I' and the correct
spelling (e.g., `I\hbox'). Otherwise just continue,
and I'll forget about whatever was undefined.

/Users/eliasalerno/Github/V5-2_project/project.tex:20: Undefined control sequence.
\GenericError  ...                                
                                                  \let \@err@               ...
l.20 \end{abstract}
                   
The control sequence at the end of the top line
of your error message was never \def'ed. If you have
misspelled it (e.g., `\hobx'), type `I' and the correct
spelling (e.g., `I\hbox'). Otherwise just continue,
and I'll forget about whatever was undefined.

/Users/eliasalerno/Github/V5-2_project/project.tex:20: Undefined control sequence.
\GenericError  ...                                
                                                  \@empty \def \MessageBreak...
l.20 \end{abstract}
                   
The control sequence at the end of the top line
of your error message was never \def'ed. If you have
misspelled it (e.g., `\hobx'), type `I' and the correct
spelling (e.g., `I\hbox'). Otherwise just continue,
and I'll forget about whatever was undefined.

/Users/eliasalerno/Github/V5-2_project/project.tex:20: Undefined control sequence.
\GenericError  ...                                
                                                    #4  \errhelp \@err@     ...
l.20 \end{abstract}
                   
The control sequence at the end of the top line
of your error message was never \def'ed. If you have
misspelled it (e.g., `\hobx'), type `I' and the correct
spelling (e.g., `I\hbox'). Otherwise just continue,
and I'll forget about whatever was undefined.

/Users/eliasalerno/Github/V5-2_project/project.tex:20: Undefined control sequence.
\GenericError  ...                                
                                                  \let \@err@               ...
l.20 \end{abstract}
                   
The control sequence at the end of the top line
of your error message was never \def'ed. If you have
misspelled it (e.g., `\hobx'), type `I' and the correct
spelling (e.g., `I\hbox'). Otherwise just continue,
and I'll forget about whatever was undefined.

/Users/eliasalerno/Github/V5-2_project/project.tex:20: Undefined control sequence.
\GenericError  ...                                
                                                  \@empty \def \MessageBreak...
l.20 \end{abstract}
                   
The control sequence at the end of the top line
of your error message was never \def'ed. If you have
misspelled it (e.g., `\hobx'), type `I' and the correct
spelling (e.g., `I\hbox'). Otherwise just continue,
and I'll forget about whatever was undefined.

/Users/eliasalerno/Github/V5-2_project/project.tex:20: Undefined control sequence.
\GenericError  ...                                
                                                    #4  \errhelp \@err@     ...
l.20 \end{abstract}
                   
(That makes 100 errors; please try again.) 
Here is how much of TeX's memory you used:
 12169 strings out of 469519
 216603 string characters out of 5468619
 627727 words of memory out of 5000000
 40735 multiletter control sequences out of 15000+600000
 627721 words of font info for 40 fonts, out of 8000000 for 9000
 14 hyphenation exceptions out of 8191
 104i,0n,202p,618b,84s stack positions out of 10000i,1000n,20000p,200000b,200000s

/Users/eliasalerno/Github/V5-2_project/project.tex:20:  ==> Fatal error occurred, no output PDF file produced!
